[2021-10-27 17:42:31,105] multiqc                                            [DEBUG  ]  No MultiQC config found: /usr/local/lib/python3.6/dist-packages/multiqc_config.yaml
[2021-10-27 17:42:31,105] multiqc                                            [DEBUG  ]  No MultiQC config found: /home/lndybovskiy/.multiqc_config.yaml
[2021-10-27 17:42:31,105] multiqc                                            [DEBUG  ]  No MultiQC config found: multiqc_config.yaml
[2021-10-27 17:42:31,105] multiqc                                            [DEBUG  ]  Command used: /usr/local/bin/multiqc -o multiqc fastqc_after_trimmed_seqtk
[2021-10-27 17:42:31,427] multiqc                                            [WARNING]  MultiQC Version v1.11 now available!
[2021-10-27 17:42:31,427] multiqc                                            [INFO   ]  This is MultiQC v1.10.dev0
[2021-10-27 17:42:31,427] multiqc                                            [DEBUG  ]  Command     : /usr/local/bin/multiqc -o multiqc fastqc_after_trimmed_seqtk
[2021-10-27 17:42:31,428] multiqc                                            [DEBUG  ]  Working dir : /home/lndybovskiy/HW1
[2021-10-27 17:42:31,428] multiqc                                            [INFO   ]  Template    : default
[2021-10-27 17:42:31,428] multiqc                                            [DEBUG  ]  Running Python 3.6.9 (default, Jan 26 2021, 15:33:00)  [GCC 8.4.0]
[2021-10-27 17:42:31,428] multiqc                                            [INFO   ]  Searching   : /home/lndybovskiy/HW1/fastqc_after_trimmed_seqtk
[2021-10-27 17:42:31,428] multiqc                                            [DEBUG  ]  Analysing modules: custom_content, conpair, peddy, somalier, methylQA, mosdepth, phantompeakqualtools, qualimap, preseq, quast, qorts, rna_seqc, rockhopper, rsem, rseqc, busco, goleft_indexcov, disambiguate, supernova, deeptools, sargasso, verifybamid, mirtrace, happy, mirtop, homer, hops, macs2, theta2, snpeff, gatk, htseq, bcftools, featureCounts, fgbio, dragen, dedup, damageprofiler, biobambam2, mtnucratio, picard, prokka, samblaster, samtools, sexdeterrmine, bamtools, jellyfish, vcftools, longranger, stacks, varscan2, bbmap, bismark, biscuit, hicexplorer, pairtools, hicup, hicpro, salmon, kallisto, slamdunk, star, hisat2, tophat, bowtie2, bowtie1, snpsplit, kat, leehom, adapterRemoval, clipandmerge, cutadapt, flexbar, kaiju, kraken, malt, trimmomatic, sickle, skewer, sortmerna, biobloomtools, fastq_screen, afterqc, fastp, fastqc, pycoqc, minionqc, multivcfanalyzer, clusterflow, bcl2fastq, interop, ivar, flash, seqyclean
[2021-10-27 17:42:31,428] multiqc                                            [DEBUG  ]  Using temporary directory for creating report: /tmp/tmps777_z88
[2021-10-27 17:42:31,447] multiqc                                            [DEBUG  ]  File ignored by hicexplorer because it exceeded search pattern filesize limit: oil_R1_5M.fastq.trimmed_fastqc.html
[2021-10-27 17:42:31,449] multiqc                                            [DEBUG  ]  File ignored by longranger/invocation because it exceeded search pattern filesize limit: oil_R1_5M.fastq.trimmed_fastqc.html
[2021-10-27 17:42:31,449] multiqc                                            [DEBUG  ]  File ignored by rockhopper because it exceeded search pattern filesize limit: oil_R1_5M.fastq.trimmed_fastqc.html
[2021-10-27 17:42:31,449] multiqc                                            [DEBUG  ]  File ignored by rseqc/bam_stat because it exceeded search pattern filesize limit: oil_R1_5M.fastq.trimmed_fastqc.html
[2021-10-27 17:42:31,449] multiqc                                            [DEBUG  ]  File ignored by rseqc/junction_annotation because it exceeded search pattern filesize limit: oil_R1_5M.fastq.trimmed_fastqc.html
[2021-10-27 17:42:31,449] multiqc                                            [DEBUG  ]  File ignored by rseqc/read_distribution because it exceeded search pattern filesize limit: oil_R1_5M.fastq.trimmed_fastqc.html
[2021-10-27 17:42:31,449] multiqc                                            [DEBUG  ]  File ignored by rseqc/infer_experiment because it exceeded search pattern filesize limit: oil_R1_5M.fastq.trimmed_fastqc.html
[2021-10-27 17:42:31,508] multiqc                                            [DEBUG  ]  File ignored by hicexplorer because it exceeded search pattern filesize limit: oil_R2_5M.fastq.trimmed_fastqc.html
[2021-10-27 17:42:31,509] multiqc                                            [DEBUG  ]  File ignored by longranger/invocation because it exceeded search pattern filesize limit: oil_R2_5M.fastq.trimmed_fastqc.html
[2021-10-27 17:42:31,509] multiqc                                            [DEBUG  ]  File ignored by rockhopper because it exceeded search pattern filesize limit: oil_R2_5M.fastq.trimmed_fastqc.html
[2021-10-27 17:42:31,509] multiqc                                            [DEBUG  ]  File ignored by rseqc/bam_stat because it exceeded search pattern filesize limit: oil_R2_5M.fastq.trimmed_fastqc.html
[2021-10-27 17:42:31,509] multiqc                                            [DEBUG  ]  File ignored by rseqc/junction_annotation because it exceeded search pattern filesize limit: oil_R2_5M.fastq.trimmed_fastqc.html
[2021-10-27 17:42:31,509] multiqc                                            [DEBUG  ]  File ignored by rseqc/read_distribution because it exceeded search pattern filesize limit: oil_R2_5M.fastq.trimmed_fastqc.html
[2021-10-27 17:42:31,509] multiqc                                            [DEBUG  ]  File ignored by rseqc/infer_experiment because it exceeded search pattern filesize limit: oil_R2_5M.fastq.trimmed_fastqc.html
[2021-10-27 17:42:31,550] multiqc                                            [DEBUG  ]  File ignored by hicexplorer because it exceeded search pattern filesize limit: oilMP_S4_L001_R2_001_1.5M.fastq.int_trimmed_fastqc.html
[2021-10-27 17:42:31,551] multiqc                                            [DEBUG  ]  File ignored by longranger/invocation because it exceeded search pattern filesize limit: oilMP_S4_L001_R2_001_1.5M.fastq.int_trimmed_fastqc.html
[2021-10-27 17:42:31,551] multiqc                                            [DEBUG  ]  File ignored by rockhopper because it exceeded search pattern filesize limit: oilMP_S4_L001_R2_001_1.5M.fastq.int_trimmed_fastqc.html
[2021-10-27 17:42:31,551] multiqc                                            [DEBUG  ]  File ignored by rseqc/bam_stat because it exceeded search pattern filesize limit: oilMP_S4_L001_R2_001_1.5M.fastq.int_trimmed_fastqc.html
[2021-10-27 17:42:31,551] multiqc                                            [DEBUG  ]  File ignored by rseqc/junction_annotation because it exceeded search pattern filesize limit: oilMP_S4_L001_R2_001_1.5M.fastq.int_trimmed_fastqc.html
[2021-10-27 17:42:31,551] multiqc                                            [DEBUG  ]  File ignored by rseqc/read_distribution because it exceeded search pattern filesize limit: oilMP_S4_L001_R2_001_1.5M.fastq.int_trimmed_fastqc.html
[2021-10-27 17:42:31,551] multiqc                                            [DEBUG  ]  File ignored by rseqc/infer_experiment because it exceeded search pattern filesize limit: oilMP_S4_L001_R2_001_1.5M.fastq.int_trimmed_fastqc.html
[2021-10-27 17:42:31,600] multiqc                                            [DEBUG  ]  File ignored by hicexplorer because it exceeded search pattern filesize limit: oilMP_S4_L001_R1_001_1.5M.fastq.int_trimmed_fastqc.html
[2021-10-27 17:42:31,601] multiqc                                            [DEBUG  ]  File ignored by longranger/invocation because it exceeded search pattern filesize limit: oilMP_S4_L001_R1_001_1.5M.fastq.int_trimmed_fastqc.html
[2021-10-27 17:42:31,601] multiqc                                            [DEBUG  ]  File ignored by rockhopper because it exceeded search pattern filesize limit: oilMP_S4_L001_R1_001_1.5M.fastq.int_trimmed_fastqc.html
[2021-10-27 17:42:31,601] multiqc                                            [DEBUG  ]  File ignored by rseqc/bam_stat because it exceeded search pattern filesize limit: oilMP_S4_L001_R1_001_1.5M.fastq.int_trimmed_fastqc.html
[2021-10-27 17:42:31,601] multiqc                                            [DEBUG  ]  File ignored by rseqc/junction_annotation because it exceeded search pattern filesize limit: oilMP_S4_L001_R1_001_1.5M.fastq.int_trimmed_fastqc.html
[2021-10-27 17:42:31,601] multiqc                                            [DEBUG  ]  File ignored by rseqc/read_distribution because it exceeded search pattern filesize limit: oilMP_S4_L001_R1_001_1.5M.fastq.int_trimmed_fastqc.html
[2021-10-27 17:42:31,602] multiqc                                            [DEBUG  ]  File ignored by rseqc/infer_experiment because it exceeded search pattern filesize limit: oilMP_S4_L001_R1_001_1.5M.fastq.int_trimmed_fastqc.html
[2021-10-27 17:42:31,784] multiqc.plots.bargraph                             [DEBUG  ]  Using matplotlib version 3.3.3
[2021-10-27 17:42:31,784] multiqc.plots.linegraph                            [DEBUG  ]  Using matplotlib version 3.3.3
[2021-10-27 17:42:31,785] multiqc                                            [DEBUG  ]  No samples found: custom_content
[2021-10-27 17:42:31,787] multiqc                                            [DEBUG  ]  No samples found: conpair
[2021-10-27 17:42:31,789] multiqc                                            [DEBUG  ]  No samples found: peddy
[2021-10-27 17:42:31,791] multiqc                                            [DEBUG  ]  No samples found: somalier
[2021-10-27 17:42:31,793] multiqc                                            [DEBUG  ]  No samples found: methylQA
[2021-10-27 17:42:31,795] multiqc                                            [DEBUG  ]  No samples found: mosdepth
[2021-10-27 17:42:31,797] multiqc                                            [DEBUG  ]  No samples found: phantompeakqualtools
[2021-10-27 17:42:31,799] multiqc                                            [DEBUG  ]  No samples found: qualimap
[2021-10-27 17:42:31,801] multiqc                                            [DEBUG  ]  No samples found: preseq
[2021-10-27 17:42:31,803] multiqc                                            [DEBUG  ]  No samples found: quast
[2021-10-27 17:42:31,805] multiqc                                            [DEBUG  ]  No samples found: qorts
[2021-10-27 17:42:31,807] multiqc                                            [DEBUG  ]  No samples found: rna_seqc
[2021-10-27 17:42:31,809] multiqc                                            [DEBUG  ]  No samples found: rockhopper
[2021-10-27 17:42:31,811] multiqc                                            [DEBUG  ]  No samples found: rsem
[2021-10-27 17:42:31,814] multiqc                                            [DEBUG  ]  No samples found: rseqc
[2021-10-27 17:42:31,816] multiqc                                            [DEBUG  ]  No samples found: busco
[2021-10-27 17:42:31,818] multiqc                                            [DEBUG  ]  No samples found: goleft_indexcov
[2021-10-27 17:42:31,820] multiqc                                            [DEBUG  ]  No samples found: disambiguate
[2021-10-27 17:42:31,822] multiqc                                            [DEBUG  ]  No samples found: supernova
[2021-10-27 17:42:31,825] multiqc                                            [DEBUG  ]  No samples found: deeptools
[2021-10-27 17:42:31,827] multiqc                                            [DEBUG  ]  No samples found: sargasso
[2021-10-27 17:42:31,829] multiqc                                            [DEBUG  ]  No samples found: verifybamid
[2021-10-27 17:42:31,831] multiqc                                            [DEBUG  ]  No samples found: mirtrace
[2021-10-27 17:42:31,833] multiqc                                            [DEBUG  ]  No samples found: happy
[2021-10-27 17:42:31,835] multiqc                                            [DEBUG  ]  No samples found: mirtop
[2021-10-27 17:42:31,837] multiqc                                            [DEBUG  ]  No samples found: homer
[2021-10-27 17:42:31,839] multiqc                                            [DEBUG  ]  No samples found: hops
[2021-10-27 17:42:31,841] multiqc                                            [DEBUG  ]  No samples found: macs2
[2021-10-27 17:42:31,843] multiqc                                            [DEBUG  ]  No samples found: theta2
[2021-10-27 17:42:31,845] multiqc                                            [DEBUG  ]  No samples found: snpeff
[2021-10-27 17:42:31,847] multiqc                                            [DEBUG  ]  No samples found: gatk
[2021-10-27 17:42:31,849] multiqc                                            [DEBUG  ]  No samples found: htseq
[2021-10-27 17:42:31,851] multiqc                                            [DEBUG  ]  No samples found: bcftools
[2021-10-27 17:42:31,853] multiqc                                            [DEBUG  ]  No samples found: featureCounts
[2021-10-27 17:42:31,856] multiqc                                            [DEBUG  ]  No samples found: fgbio
[2021-10-27 17:42:31,859] multiqc                                            [DEBUG  ]  No samples found: dragen
[2021-10-27 17:42:31,861] multiqc                                            [DEBUG  ]  No samples found: dedup
[2021-10-27 17:42:31,863] multiqc                                            [DEBUG  ]  No samples found: damageprofiler
[2021-10-27 17:42:31,867] multiqc                                            [DEBUG  ]  No samples found: biobambam2
[2021-10-27 17:42:31,869] multiqc                                            [DEBUG  ]  No samples found: mtnucratio
[2021-10-27 17:42:31,871] multiqc                                            [DEBUG  ]  No samples found: picard
[2021-10-27 17:42:31,873] multiqc                                            [DEBUG  ]  No samples found: prokka
[2021-10-27 17:42:31,875] multiqc                                            [DEBUG  ]  No samples found: samblaster
[2021-10-27 17:42:31,877] multiqc                                            [DEBUG  ]  No samples found: samtools
[2021-10-27 17:42:31,880] multiqc                                            [DEBUG  ]  No samples found: sexdeterrmine
[2021-10-27 17:42:31,882] multiqc                                            [DEBUG  ]  No samples found: bamtools
[2021-10-27 17:42:31,884] multiqc                                            [DEBUG  ]  No samples found: jellyfish
[2021-10-27 17:42:31,886] multiqc                                            [DEBUG  ]  No samples found: vcftools
[2021-10-27 17:42:31,889] multiqc                                            [DEBUG  ]  No samples found: longranger
[2021-10-27 17:42:31,891] multiqc                                            [DEBUG  ]  No samples found: stacks
[2021-10-27 17:42:31,893] multiqc                                            [DEBUG  ]  No samples found: varscan2
[2021-10-27 17:42:31,895] multiqc                                            [DEBUG  ]  No samples found: bbmap
[2021-10-27 17:42:31,898] multiqc                                            [DEBUG  ]  No samples found: bismark
[2021-10-27 17:42:31,900] multiqc                                            [DEBUG  ]  No samples found: biscuit
[2021-10-27 17:42:31,902] multiqc                                            [DEBUG  ]  No samples found: hicexplorer
[2021-10-27 17:42:31,904] multiqc                                            [DEBUG  ]  No samples found: pairtools
[2021-10-27 17:42:31,906] multiqc                                            [DEBUG  ]  No samples found: hicup
[2021-10-27 17:42:31,908] multiqc                                            [DEBUG  ]  No samples found: hicpro
[2021-10-27 17:42:31,910] multiqc                                            [DEBUG  ]  No samples found: salmon
[2021-10-27 17:42:31,912] multiqc                                            [DEBUG  ]  No samples found: kallisto
[2021-10-27 17:42:31,914] multiqc                                            [DEBUG  ]  No samples found: slamdunk
[2021-10-27 17:42:31,916] multiqc                                            [DEBUG  ]  No samples found: star
[2021-10-27 17:42:31,918] multiqc                                            [DEBUG  ]  No samples found: hisat2
[2021-10-27 17:42:31,920] multiqc                                            [DEBUG  ]  No samples found: tophat
[2021-10-27 17:42:31,922] multiqc                                            [DEBUG  ]  No samples found: bowtie2
[2021-10-27 17:42:31,924] multiqc                                            [DEBUG  ]  No samples found: bowtie1
[2021-10-27 17:42:31,926] multiqc                                            [DEBUG  ]  No samples found: snpsplit
[2021-10-27 17:42:31,928] multiqc                                            [DEBUG  ]  No samples found: kat
[2021-10-27 17:42:31,930] multiqc                                            [DEBUG  ]  No samples found: leehom
[2021-10-27 17:42:31,932] multiqc                                            [DEBUG  ]  No samples found: adapterRemoval
[2021-10-27 17:42:31,934] multiqc                                            [DEBUG  ]  No samples found: clipandmerge
[2021-10-27 17:42:31,936] multiqc                                            [DEBUG  ]  No samples found: cutadapt
[2021-10-27 17:42:31,938] multiqc                                            [DEBUG  ]  No samples found: flexbar
[2021-10-27 17:42:31,940] multiqc                                            [DEBUG  ]  No samples found: kaiju
[2021-10-27 17:42:31,941] multiqc                                            [DEBUG  ]  No samples found: kraken
[2021-10-27 17:42:31,943] multiqc                                            [DEBUG  ]  No samples found: malt
[2021-10-27 17:42:31,945] multiqc                                            [DEBUG  ]  No samples found: trimmomatic
[2021-10-27 17:42:31,947] multiqc                                            [DEBUG  ]  No samples found: sickle
[2021-10-27 17:42:31,949] multiqc                                            [DEBUG  ]  No samples found: skewer
[2021-10-27 17:42:31,951] multiqc                                            [DEBUG  ]  No samples found: sortmerna
[2021-10-27 17:42:31,953] multiqc                                            [DEBUG  ]  No samples found: biobloomtools
[2021-10-27 17:42:31,955] multiqc                                            [DEBUG  ]  No samples found: fastq_screen
[2021-10-27 17:42:31,957] multiqc                                            [DEBUG  ]  No samples found: afterqc
[2021-10-27 17:42:31,959] multiqc                                            [DEBUG  ]  No samples found: fastp
[2021-10-27 17:42:31,982] multiqc.modules.fastqc.fastqc                      [INFO   ]  Found 4 reports
[2021-10-27 17:42:32,024] multiqc                                            [DEBUG  ]  No samples found: pycoqc
[2021-10-27 17:42:32,026] multiqc                                            [DEBUG  ]  No samples found: minionqc
[2021-10-27 17:42:32,028] multiqc                                            [DEBUG  ]  No samples found: multivcfanalyzer
[2021-10-27 17:42:32,030] multiqc                                            [DEBUG  ]  No samples found: clusterflow
[2021-10-27 17:42:32,032] multiqc                                            [DEBUG  ]  No samples found: bcl2fastq
[2021-10-27 17:42:32,034] multiqc                                            [DEBUG  ]  No samples found: interop
[2021-10-27 17:42:32,036] multiqc                                            [DEBUG  ]  No samples found: ivar
[2021-10-27 17:42:32,038] multiqc                                            [DEBUG  ]  No samples found: flash
[2021-10-27 17:42:32,040] multiqc                                            [DEBUG  ]  No samples found: seqyclean
[2021-10-27 17:42:32,044] multiqc                                            [INFO   ]  Compressing plot data
[2021-10-27 17:42:32,087] multiqc                                            [INFO   ]  Report      : multiqc/multiqc_report.html
[2021-10-27 17:42:32,087] multiqc                                            [INFO   ]  Data        : multiqc/multiqc_data
[2021-10-27 17:42:32,087] multiqc                                            [DEBUG  ]  Moving data file from '/tmp/tmps777_z88/multiqc_data' to 'multiqc/multiqc_data'
[2021-10-27 17:42:32,140] multiqc                                            [INFO   ]  MultiQC complete
